<?xml version="1.0" encoding="UTF-8"?>
<!-- Generated by org.testng.reporters.JUnitXMLReporter -->
<testsuite ignored="0" hostname="WIN-CNIQ7GSBK1T" failures="0" tests="3" name="edgeTest" time="0.081" errors="0" timestamp="2024-08-07T23:55:04 IST">
  <testcase classname="com.vig.practice.baseclass.BaseClass" name="@BeforeClass setUp" time="0.001">
    <failure type="java.io.FileNotFoundException" message=".\src\test\reources (The system cannot find the file specified)">
      <![CDATA[java.io.FileNotFoundException: .\src\test\reources (The system cannot find the file specified)
at java.base/java.io.FileInputStream.open0(Native Method)
at java.base/java.io.FileInputStream.open(FileInputStream.java:216)
at java.base/java.io.FileInputStream.<init>(FileInputStream.java:157)
at java.base/java.io.FileInputStream.<init>(FileInputStream.java:111)
at java.base/java.io.FileReader.<init>(FileReader.java:60)
at com.vig.practice.baseclass.BaseClass.setUp(BaseClass.java:28)
at java.base/java.util.ArrayList.forEach(ArrayList.java:1511)
at java.base/java.util.concurrent.FutureTask.run(FutureTask.java:264)
at java.base/java.util.concurrent.ThreadPoolExecutor.runWorker(ThreadPoolExecutor.java:1136)
at java.base/java.util.concurrent.ThreadPoolExecutor$Worker.run(ThreadPoolExecutor.java:635)
at java.base/java.lang.Thread.run(Thread.java:840)
... Removed 16 stack frames]]>
    </failure>
  </testcase> <!-- @BeforeClass setUp -->
  <testcase classname="com.vig.practice.baseclass.BaseClass" name="@AfterClass tearDown" time="-1.723055104518E9">
    <skipped/>
  </testcase> <!-- @AfterClass tearDown -->
  <testcase classname="com.vig.practice.baseclass.BaseClass" name="@BeforeClass setUp" time="0.001">
    <failure type="java.io.FileNotFoundException" message=".\src\test\reources (The system cannot find the file specified)">
      <![CDATA[java.io.FileNotFoundException: .\src\test\reources (The system cannot find the file specified)
at java.base/java.io.FileInputStream.open0(Native Method)
at java.base/java.io.FileInputStream.open(FileInputStream.java:216)
at java.base/java.io.FileInputStream.<init>(FileInputStream.java:157)
at java.base/java.io.FileInputStream.<init>(FileInputStream.java:111)
at java.base/java.io.FileReader.<init>(FileReader.java:60)
at com.vig.practice.baseclass.BaseClass.setUp(BaseClass.java:28)
at java.base/java.util.ArrayList.forEach(ArrayList.java:1511)
at java.base/java.util.concurrent.FutureTask.run(FutureTask.java:264)
at java.base/java.util.concurrent.ThreadPoolExecutor.runWorker(ThreadPoolExecutor.java:1136)
at java.base/java.util.concurrent.ThreadPoolExecutor$Worker.run(ThreadPoolExecutor.java:635)
at java.base/java.lang.Thread.run(Thread.java:840)
... Removed 16 stack frames]]>
    </failure>
  </testcase> <!-- @BeforeClass setUp -->
  <testcase classname="com.vig.practice.baseclass.BaseClass" name="@AfterClass tearDown" time="-1.72305510453E9">
    <skipped/>
  </testcase> <!-- @AfterClass tearDown -->
  <testcase classname="com.vig.practice.testcases.TC001_Registration" name="createUser" time="0.0">
    <skipped/>
  </testcase> <!-- createUser -->
  <testcase classname="com.vig.practice.testcases.TC001_Registration" name="createUser" time="0.0">
    <skipped/>
  </testcase> <!-- createUser -->
  <testcase classname="com.vig.practice.testcases.TC002_Login" name="accountLogin" time="0.0">
    <skipped/>
  </testcase> <!-- accountLogin -->
</testsuite> <!-- edgeTest -->
