<?xml version="1.0" encoding="UTF-8"?>
<testng-results ignored="0" total="3" passed="3" failed="0" skipped="0">
  <reporter-output>
  </reporter-output>
  <suite started-at="2024-08-22T19:01:49 IST" name="Default suite" finished-at="2024-08-22T19:01:51 IST" duration-ms="1447">
    <groups>
    </groups>
    <test started-at="2024-08-22T19:01:49 IST" name="Default test" finished-at="2024-08-22T19:01:51 IST" duration-ms="1447">
      <class name="com.vig.practice.utilities.DataExcel">
        <test-method signature="ff([Ljava.lang.String;)[pri:0, instance:com.vig.practice.utilities.DataExcel@36916eb0]" started-at="2024-08-22T19:01:51 IST" name="ff" data-provider="log" finished-at="2024-08-22T19:01:51 IST" duration-ms="10" status="PASS">
          <params>
            <param index="0">
              <value>
                <![CDATA[[Ljava.lang.String;@6e57b5e9]]>
              </value>
            </param>
          </params>
          <reporter-output>
          </reporter-output>
        </test-method> <!-- ff -->
        <test-method signature="ff([Ljava.lang.String;)[pri:0, instance:com.vig.practice.utilities.DataExcel@36916eb0]" started-at="2024-08-22T19:01:51 IST" name="ff" data-provider="log" finished-at="2024-08-22T19:01:51 IST" duration-ms="1" status="PASS">
          <params>
            <param index="0">
              <value>
                <![CDATA[[Ljava.lang.String;@1abc9f14]]>
              </value>
            </param>
          </params>
          <reporter-output>
          </reporter-output>
        </test-method> <!-- ff -->
        <test-method signature="ff([Ljava.lang.String;)[pri:0, instance:com.vig.practice.utilities.DataExcel@36916eb0]" started-at="2024-08-22T19:01:51 IST" name="ff" data-provider="log" finished-at="2024-08-22T19:01:51 IST" duration-ms="2" status="PASS">
          <params>
            <param index="0">
              <value>
                <![CDATA[[Ljava.lang.String;@50a3d0f6]]>
              </value>
            </param>
          </params>
          <reporter-output>
          </reporter-output>
        </test-method> <!-- ff -->
      </class> <!-- com.vig.practice.utilities.DataExcel -->
    </test> <!-- Default test -->
  </suite> <!-- Default suite -->
</testng-results>
