<?xml version="1.0" encoding="UTF-8"?>
<!-- Generated by org.testng.reporters.JUnitXMLReporter -->
<testsuite ignored="0" hostname="WIN-CNIQ7GSBK1T" failures="0" tests="3" name="Default test" time="1.447" errors="0" timestamp="2024-08-22T19:01:51 IST">
  <testcase classname="com.vig.practice.utilities.DataExcel" name="ff" time="0.01"/>
  <testcase classname="com.vig.practice.utilities.DataExcel" name="ff" time="0.001"/>
  <testcase classname="com.vig.practice.utilities.DataExcel" name="ff" time="0.002"/>
</testsuite> <!-- Default test -->
